2024-09-09 07:20:27,874 DEBUG - 配置信息文件读取成功
2024-09-09 07:20:27,874 DEBUG - 状态码文件读取成功
2024-09-09 07:20:27,874 DEBUG - APP   Version: 1.1.13
2024-09-09 07:20:27,874 DEBUG - SDK   Version: 1.1.34
2024-09-09 07:20:27,874 DEBUG - COMMU Version: 0.1.25
2024-09-09 07:20:28,702 DEBUG - screen_num: 0  screen_width: 1920  screen_height: 1080
2024-09-09 07:20:28,717 DEBUG - 配置文件修改语言成功  is_cn: en
2024-09-09 07:20:28,717 DEBUG - task_list.tsets_size(): 0
2024-09-09 07:20:35,214 DEBUG - 服务器为空
2024-09-09 07:20:35,214 DEBUG - is_connect_robot: false
2024-09-09 07:20:35,214 DEBUG - [ROBOT_SDK_LOG] [2] inproc://monitor-request0 started monitor.
2024-09-09 07:20:35,245 DEBUG - [ROBOT_SDK_LOG] [4] started request loop.
2024-09-09 07:20:35,245 DEBUG - [ROBOT_SDK_LOG] [2] event:on_event_connect_delayed tcp://169.254.128.2:5410
2024-09-09 07:20:35,261 DEBUG - [ROBOT_SDK_LOG] [2] event:on_event_connected tcp://169.254.128.2:5410
2024-09-09 07:20:35,261 DEBUG - [ROBOT_SDK_LOG] [5] inproc://monitor-subscribe1 started monitor.
2024-09-09 07:20:35,277 DEBUG - [ROBOT_SDK_LOG] [7] Subscribe started loop.
2024-09-09 07:20:35,277 DEBUG - [ROBOT_SDK_LOG] [5] event:on_event_connect_delayed tcp://169.254.128.2:5411
2024-09-09 07:20:35,277 DEBUG - [ROBOT_SDK_LOG] [5] event:on_event_connected tcp://169.254.128.2:5411
2024-09-09 07:20:35,433 DEBUG - [ROBOT_SDK_LOG] request connect status: 2, msg: tcp://169.254.128.2:5410
2024-09-09 07:20:35,464 DEBUG - [ROBOT_SDK_LOG] subscribe connect status: 2, msg: tcp://169.254.128.2:5411
2024-09-09 07:20:35,464 DEBUG - is_connect_robot: true
2024-09-09 07:20:35,464 DEBUG - [ROBOT_PACK_LOG] [SEND] [woosh.robot.RobotInfo]
[4] req_id:1, identity:woosh_design, time:1725834035464

2024-09-09 07:20:35,464 DEBUG - [ROBOT_PACK_LOG] [RECV] [woosh.robot.RobotInfo]
[4] req_id:1, identity:RC_10001, time:1725866566676

2024-09-09 07:20:35,464 DEBUG - [ROBOT_PACK_LOG] [SEND] [woosh.map.Download]
[4] req_id:2, identity:woosh_design, time:1725834035464

2024-09-09 07:20:35,464 DEBUG - robot_id: 10001  robot_map_id: 0
2024-09-09 07:20:36,323 DEBUG - [ROBOT_PACK_LOG] [RECV] [woosh.map.DownloadResponse]
[4] req_id:2, identity:RC_10001, time:1725866566698

2024-09-09 07:20:36,323 DEBUG - 下载文件： ./map/robot/Wego_Robotics_503/Wego_Robotics_503/map.png
2024-09-09 07:20:36,323 DEBUG - 下载文件： ./map/robot/Wego_Robotics_503/Wego_Robotics_503/keepout.png
2024-09-09 07:20:36,323 DEBUG - 下载文件： ./map/robot/Wego_Robotics_503/Wego_Robotics_503/traffic_keepout.png
2024-09-09 07:20:36,323 DEBUG - 下载文件： ./map/robot/Wego_Robotics_503/Wego_Robotics_503/map.yaml
2024-09-09 07:20:36,323 DEBUG - 下载文件： ./map/robot/Wego_Robotics_503/Wego_Robotics_503/Wego_Robotics_503.pbstream
2024-09-09 07:20:36,323 DEBUG - 下载文件： ./map/robot/Wego_Robotics_503/Wego_Robotics_503/x-0.09y-0.41t-1.76.carmen
2024-09-09 07:20:36,323 DEBUG - 下载文件： ./map/robot/Wego_Robotics_503/Wego_Robotics_503/x0.5y3t-1.57.carmen
2024-09-09 07:20:36,323 DEBUG - 下载文件： ./map/robot/Wego_Robotics_503/Wego_Robotics_503/x-1.14y-4.07t1.47.carmen
2024-09-09 07:20:36,323 DEBUG - 下载文件： ./map/robot/Wego_Robotics_503/Wego_Robotics_503/mark_info.data
2024-09-09 07:20:36,323 DEBUG - 下载文件： ./map/robot/Wego_Robotics_503/Wego_Robotics_503/nav_area.data
2024-09-09 07:20:36,323 DEBUG - 下载文件： ./map/robot/Wego_Robotics_503/Wego_Robotics_503/path_info.data
2024-09-09 07:20:36,323 DEBUG - 下载文件： ./map/robot/Wego_Robotics_503/Wego_Robotics_503/x-1.04y-4.07t1.48.carmen
2024-09-09 07:20:36,323 DEBUG - 下载文件： ./map/robot/Wego_Robotics_503/action_groups.json
2024-09-09 07:20:36,323 DEBUG - 下载文件： ./map/robot/Wego_Robotics_503/scene.json
2024-09-09 07:20:36,323 DEBUG - 下载文件： ./map/robot/Wego_Robotics_503/task_info.data
2024-09-09 07:20:36,339 DEBUG - [ROBOT_PACK_LOG] [SEND] [woosh.robot.NavPath]
[4] req_id:3, identity:woosh_design, time:1725834036339

2024-09-09 07:20:36,339 DEBUG - [ROBOT_PACK_LOG] [RECV] [woosh.robot.NavPath]
[4] req_id:3, identity:RC_10001, time:1725866567551

2024-09-09 07:20:36,339 DEBUG - add_map id: 0  map: ./map/robot/Wego_Robotics_503/Wego_Robotics_503 name  "Wego_Robotics_503"
2024-09-09 07:20:36,355 DEBUG - 读取二进制文件数据为空: ./map/robot/Wego_Robotics_503/Wego_Robotics_503/nav_area.data
2024-09-09 07:20:36,355 DEBUG - 二进制文件解析成功: ./map/robot/Wego_Robotics_503/Wego_Robotics_503/mark_info.data
2024-09-09 07:20:36,355 DEBUG - 读取二进制文件数据为空: ./map/robot/Wego_Robotics_503/Wego_Robotics_503/path_info.data
2024-09-09 07:20:36,355 DEBUG - robot_id: 10001  robot_map_id: 0
2024-09-09 07:20:36,355 DEBUG - robot_info.state: 2
2024-09-09 07:20:36,355 DEBUG - action_group: {
  "version": "1.0.0",
  "project": "woosh",
  "task_type": [
    {
      "no": 0,
      "name": "默认导航",
      "type": 1,
      "order": [
        {
          "action": 1
        },
        {
          "action": 6,
          "wait_id": 1,
          "wait_time": 0
        }
      ]
    },
    {
      "no": 1,
      "name": "对接导航",
      "type": 1,
      "order": [
        {
          "action": 1
        },
        {
          "action": 3
        },
        {
          "action": 6,
          "wait_id": 1,
          "wait_time": 0
        }
      ]
    },
    {
      "no": 0,
      "name": "默认泊车",
      "type": 2,
      "order": [
        {
          "action": 1
        }
      ]
    },
    {
      "no": 0,
      "name": "OSH200/OSH50h默认充电",
      "type": 3,
      "order": [
        {
          "action": 1
        },
        {
          "action": 3
        },
        {
          "action": 2,
          "stepctrl_avoid": false,
          "stepctrl_type": 0,
          "stepctrl_value": -0.03,
          "stepctrl_speed": 0.015
        },
        {
          "action": 2,
          "stepctrl_avoid": false,
          "stepctrl_type": 0,
          "stepctrl_value": 0.02,
          "stepctrl_speed": 0.015
        },
        {
          "action": 7
        }
      ]
    },
    {
      "no": 1,
      "name": "OSH50默认充电",
      "type": 3,
      "order": [
        {
          "action": 1
        },
        {
          "action": 3
        },
        {
          "action": 2,
          "stepctrl_avoid": true,
          "stepctrl_type": 0,
          "stepctrl_value": -0.2,
          "stepctrl_speed": 0.1
        },
        {
          "action": 2,
          "stepctrl_avoid": true,
          "stepctrl_type": 1,
          "stepctrl_value": 3.12,
          "stepctrl_speed": 0.4
        },
        {
          "action": 2,
          "stepctrl_avoid": false,
          "stepctrl_type": 0,
          "stepctrl_value": -0.31,
          "stepctrl_speed": 0.1
        },
        {
          "action": 2,
          "stepctrl_avoid": false,
          "stepctrl_type": 0,
          "stepctrl_value": 0.03,
          "stepctrl_speed": 0.015
        },
        {
          "action": 7
        }
      ]
    },
    {
      "no": 0,
      "name": "默认举升/辊筒 上下料&料车上料",
      "type": 4,
      "order": [
        {
          "action": 1
        },
        {
          "action": 3
        },
        {
          "action": 5,
          "roller_layer": 0
        },
        {
          "action": 4
        }
      ]
    },
    {
      "no": 1,
      "name": "默认牵引上料",
      "type": 4,
      "order": [
        {
          "action": 1
        },
        {
          "action": 3
        },
        {
          "action": 5
        }
      ]
    },
    {
      "no": 2,
      "name": "默认牵引/料车下料",
      "type": 4,
      "order": [
        {
          "action": 1
        },
        {
          "action": 5
        },
        {
          "action": 2,
          "stepctrl_avoid": false,
          "stepctrl_type": 0,
          "stepctrl_value": 0.9,
          "stepctrl_speed": 0.15
        }
      ]
    }
  ]
}
2024-09-09 07:20:36,355 DEBUG - 二进制文件解析成功: ./map/robot/Wego_Robotics_503/task_info.data
2024-09-09 07:20:36,355 DEBUG - pre_task_count: 3
2024-09-09 07:20:44,932 DEBUG - [ROBOT_PACK_LOG] [SEND] [woosh.map.SceneList]
[4] req_id:4, identity:woosh_design, time:1725834044932

2024-09-09 07:20:44,932 DEBUG - [ROBOT_PACK_LOG] [RECV] [woosh.map.SceneList]
[4] req_id:4, identity:RC_10001, time:1725866576149

2024-09-09 07:20:44,932 DEBUG - [ROBOT_PACK_LOG] [SEND] [woosh.map.Download]
[4] req_id:5, identity:woosh_design, time:1725834044932

2024-09-09 07:20:45,604 DEBUG - [ROBOT_PACK_LOG] [RECV] [woosh.map.DownloadResponse]
[4] req_id:5, identity:RC_10001, time:1725866576162

2024-09-09 07:20:45,619 DEBUG - 下载文件： ./map/robot/Wego_Robotics_503/Wego_Robotics_503/map.png
2024-09-09 07:20:45,619 DEBUG - 下载文件： ./map/robot/Wego_Robotics_503/Wego_Robotics_503/keepout.png
2024-09-09 07:20:45,619 DEBUG - 下载文件： ./map/robot/Wego_Robotics_503/Wego_Robotics_503/traffic_keepout.png
2024-09-09 07:20:45,619 DEBUG - 下载文件： ./map/robot/Wego_Robotics_503/Wego_Robotics_503/map.yaml
2024-09-09 07:20:45,619 DEBUG - 下载文件： ./map/robot/Wego_Robotics_503/Wego_Robotics_503/Wego_Robotics_503.pbstream
2024-09-09 07:20:45,635 DEBUG - 下载文件： ./map/robot/Wego_Robotics_503/Wego_Robotics_503/x-0.09y-0.41t-1.76.carmen
2024-09-09 07:20:45,635 DEBUG - 下载文件： ./map/robot/Wego_Robotics_503/Wego_Robotics_503/x0.5y3t-1.57.carmen
2024-09-09 07:20:45,635 DEBUG - 下载文件： ./map/robot/Wego_Robotics_503/Wego_Robotics_503/x-1.14y-4.07t1.47.carmen
2024-09-09 07:20:45,635 DEBUG - 下载文件： ./map/robot/Wego_Robotics_503/Wego_Robotics_503/mark_info.data
2024-09-09 07:20:45,635 DEBUG - 下载文件： ./map/robot/Wego_Robotics_503/Wego_Robotics_503/nav_area.data
2024-09-09 07:20:45,635 DEBUG - 下载文件： ./map/robot/Wego_Robotics_503/Wego_Robotics_503/path_info.data
2024-09-09 07:20:45,635 DEBUG - 下载文件： ./map/robot/Wego_Robotics_503/Wego_Robotics_503/x-1.04y-4.07t1.48.carmen
2024-09-09 07:20:45,635 DEBUG - 下载文件： ./map/robot/Wego_Robotics_503/action_groups.json
2024-09-09 07:20:45,635 DEBUG - 下载文件： ./map/robot/Wego_Robotics_503/scene.json
2024-09-09 07:20:45,635 DEBUG - 下载文件： ./map/robot/Wego_Robotics_503/task_info.data
2024-09-09 07:20:48,822 DEBUG - is_selete: true  selete: 1  no: "10001"
2024-09-09 07:20:59,479 DEBUG - [ROBOT_PACK_LOG] [SEND] [woosh.map.SceneList]
[4] req_id:6, identity:woosh_design, time:1725834059479

2024-09-09 07:20:59,479 DEBUG - [ROBOT_PACK_LOG] [RECV] [woosh.map.SceneList]
[4] req_id:6, identity:RC_10001, time:1725866590697

2024-09-09 07:20:59,479 DEBUG - [ROBOT_PACK_LOG] [SEND] [woosh.map.Download]
[4] req_id:7, identity:woosh_design, time:1725834059479

2024-09-09 07:21:01,119 DEBUG - [ROBOT_PACK_LOG] [RECV] [woosh.map.DownloadResponse]
[4] req_id:7, identity:RC_10001, time:1725866590708

2024-09-09 07:21:01,135 DEBUG - 下载文件： ./map/robot/Wego_Robotics_503/Wego_Robotics_503/map.png
2024-09-09 07:21:01,135 DEBUG - 下载文件： ./map/robot/Wego_Robotics_503/Wego_Robotics_503/keepout.png
2024-09-09 07:21:01,135 DEBUG - 下载文件： ./map/robot/Wego_Robotics_503/Wego_Robotics_503/traffic_keepout.png
2024-09-09 07:21:01,135 DEBUG - 下载文件： ./map/robot/Wego_Robotics_503/Wego_Robotics_503/map.yaml
2024-09-09 07:21:01,151 DEBUG - 下载文件： ./map/robot/Wego_Robotics_503/Wego_Robotics_503/Wego_Robotics_503.pbstream
2024-09-09 07:21:01,151 DEBUG - 下载文件： ./map/robot/Wego_Robotics_503/Wego_Robotics_503/x-0.09y-0.41t-1.76.carmen
2024-09-09 07:21:01,151 DEBUG - 下载文件： ./map/robot/Wego_Robotics_503/Wego_Robotics_503/x0.5y3t-1.57.carmen
2024-09-09 07:21:01,151 DEBUG - 下载文件： ./map/robot/Wego_Robotics_503/Wego_Robotics_503/x-1.14y-4.07t1.47.carmen
2024-09-09 07:21:01,151 DEBUG - 下载文件： ./map/robot/Wego_Robotics_503/Wego_Robotics_503/mark_info.data
2024-09-09 07:21:01,151 DEBUG - 下载文件： ./map/robot/Wego_Robotics_503/Wego_Robotics_503/nav_area.data
2024-09-09 07:21:01,151 DEBUG - 下载文件： ./map/robot/Wego_Robotics_503/Wego_Robotics_503/path_info.data
2024-09-09 07:21:01,151 DEBUG - 下载文件： ./map/robot/Wego_Robotics_503/Wego_Robotics_503/x-1.04y-4.07t1.48.carmen
2024-09-09 07:21:01,151 DEBUG - 下载文件： ./map/robot/Wego_Robotics_503/action_groups.json
2024-09-09 07:21:01,151 DEBUG - 下载文件： ./map/robot/Wego_Robotics_503/scene.json
2024-09-09 07:21:01,151 DEBUG - 下载文件： ./map/robot/Wego_Robotics_503/task_info.data
2024-09-09 07:21:03,369 DEBUG - open copy_from: ./map/robot/Wego_Robotics_503  copy_to: ./map/temp/Wego_Robotics_503
2024-09-09 07:21:03,400 DEBUG - 读取二进制文件数据为空: ./map/temp/Wego_Robotics_503/Wego_Robotics_503/nav_area.data
2024-09-09 07:21:03,400 DEBUG - 二进制文件解析成功: ./map/temp/Wego_Robotics_503/Wego_Robotics_503/mark_info.data
2024-09-09 07:21:03,400 DEBUG - 读取二进制文件数据为空: ./map/temp/Wego_Robotics_503/Wego_Robotics_503/path_info.data
2024-09-09 07:21:03,400 DEBUG - add map_id: 0  map_path: ./map/temp/Wego_Robotics_503/Wego_Robotics_503  map_name  "Wego_Robotics_503"  map_floor: 5
2024-09-09 07:21:03,447 DEBUG - 二进制文件解析成功: ./map/temp/Wego_Robotics_503/task_info.data
2024-09-09 07:21:13,603 DEBUG - [ROBOT_PACK_LOG] [SUB] [woosh.robot.Battery]
[7]-[woosh.robot.Battery] req_id:5680, identity:RC_10001, time:1725866604784
charge_state: kNot
power: 30
health: 1
charge_cycle: 15
battery_cycle: 2000
temp_max: 27
robot_id: 10001

2024-09-09 07:25:53,848 DEBUG - tips_type: 7
2024-09-09 07:25:53,848 DEBUG -  tips1_logo: 
2024-09-09 07:25:53,848 DEBUG -  tips1_edit: 
2024-09-09 07:25:53,848 DEBUG -  tips2_logo: 
2024-09-09 07:25:53,848 DEBUG -  tips2_edit: 
2024-09-09 07:25:53,926 DEBUG - save copy_from: ./map/temp/Wego_Robotics_503  copy_to: "./map/local/Wego_Robotics_503"
2024-09-09 07:25:55,145 DEBUG - save copy_from: ./map/temp/Wego_Robotics_503  copy_to: "./map/local/Wego_Robotics_503"
2024-09-09 07:25:55,160 DEBUG - 二进制文件解析成功: .\map\local\Wego_Robotics_503\action_groups.json
2024-09-09 07:25:55,160 DEBUG - file size: 3189  file name: Wego_Robotics_503/action_groups.json
2024-09-09 07:25:55,160 DEBUG - 二进制文件解析成功: .\map\local\Wego_Robotics_503\scene.json
2024-09-09 07:25:55,160 DEBUG - file size: 216  file name: Wego_Robotics_503/scene.json
2024-09-09 07:25:55,160 DEBUG - 读取二进制文件数据为空: .\map\local\Wego_Robotics_503\task_info.data
2024-09-09 07:25:55,160 DEBUG - file size: 0  file name: Wego_Robotics_503/task_info.data
2024-09-09 07:25:55,160 DEBUG - 二进制文件解析成功: .\map\local\Wego_Robotics_503\Wego_Robotics_503\keepout.png
2024-09-09 07:25:55,160 DEBUG - file size: 6395  file name: Wego_Robotics_503/Wego_Robotics_503/keepout.png
2024-09-09 07:25:55,160 DEBUG - 二进制文件解析成功: .\map\local\Wego_Robotics_503\Wego_Robotics_503\map.png
2024-09-09 07:25:55,176 DEBUG - file size: 11262  file name: Wego_Robotics_503/Wego_Robotics_503/map.png
2024-09-09 07:25:55,176 DEBUG - 二进制文件解析成功: .\map\local\Wego_Robotics_503\Wego_Robotics_503\map.yaml
2024-09-09 07:25:55,176 DEBUG - file size: 91  file name: Wego_Robotics_503/Wego_Robotics_503/map.yaml
2024-09-09 07:25:55,176 DEBUG - 二进制文件解析成功: .\map\local\Wego_Robotics_503\Wego_Robotics_503\mark_info.data
2024-09-09 07:25:55,176 DEBUG - file size: 252  file name: Wego_Robotics_503/Wego_Robotics_503/mark_info.data
2024-09-09 07:25:55,176 DEBUG - 读取二进制文件数据为空: .\map\local\Wego_Robotics_503\Wego_Robotics_503\nav_area.data
2024-09-09 07:25:55,176 DEBUG - file size: 0  file name: Wego_Robotics_503/Wego_Robotics_503/nav_area.data
2024-09-09 07:25:55,176 DEBUG - 读取二进制文件数据为空: .\map\local\Wego_Robotics_503\Wego_Robotics_503\path_info.data
2024-09-09 07:25:55,176 DEBUG - file size: 0  file name: Wego_Robotics_503/Wego_Robotics_503/path_info.data
2024-09-09 07:25:55,176 DEBUG - 二进制文件解析成功: .\map\local\Wego_Robotics_503\Wego_Robotics_503\traffic_keepout.png
2024-09-09 07:25:55,176 DEBUG - file size: 6395  file name: Wego_Robotics_503/Wego_Robotics_503/traffic_keepout.png
2024-09-09 07:25:55,176 DEBUG - 二进制文件解析成功: .\map\local\Wego_Robotics_503\Wego_Robotics_503\Wego_Robotics_503.pbstream
2024-09-09 07:25:55,176 DEBUG - file size: 2852165  file name: Wego_Robotics_503/Wego_Robotics_503/Wego_Robotics_503.pbstream
2024-09-09 07:25:55,191 DEBUG - 二进制文件解析成功: .\map\local\Wego_Robotics_503\Wego_Robotics_503\x-0.09y-0.41t-1.76.carmen
2024-09-09 07:25:55,191 DEBUG - file size: 7191  file name: Wego_Robotics_503/Wego_Robotics_503/x-0.09y-0.41t-1.76.carmen
2024-09-09 07:25:55,191 DEBUG - 二进制文件解析成功: .\map\local\Wego_Robotics_503\Wego_Robotics_503\x-1.04y-4.07t1.48.carmen
2024-09-09 07:25:55,191 DEBUG - file size: 7942  file name: Wego_Robotics_503/Wego_Robotics_503/x-1.04y-4.07t1.48.carmen
2024-09-09 07:25:55,191 DEBUG - 二进制文件解析成功: .\map\local\Wego_Robotics_503\Wego_Robotics_503\x-1.14y-4.07t1.47.carmen
2024-09-09 07:25:55,191 DEBUG - file size: 8021  file name: Wego_Robotics_503/Wego_Robotics_503/x-1.14y-4.07t1.47.carmen
2024-09-09 07:25:55,207 DEBUG - 二进制文件解析成功: .\map\local\Wego_Robotics_503\Wego_Robotics_503\x0.5y3t-1.57.carmen
2024-09-09 07:25:55,207 DEBUG - file size: 7198  file name: Wego_Robotics_503/Wego_Robotics_503/x0.5y3t-1.57.carmen
2024-09-09 07:25:55,207 DEBUG - [ROBOT_PACK_LOG] [SEND] [woosh.map.Upload]
[4] req_id:8, identity:woosh_design, time:1725834355207

2024-09-09 07:25:55,661 DEBUG - [ROBOT_PACK_LOG] [RECV] [google.protobuf.Empty]
[4] req_id:8, identity:RC_10001, time:1725866886889

2024-09-09 07:25:55,661 DEBUG - [ROBOT_PACK_LOG] [SUB] [woosh.robot.Scene]
[7]-[woosh.robot.Scene] req_id:7090, identity:RC_10001, time:1725866886888
scene_name: "Wego_Robotics_503"
map_name: "Wego_Robotics_503"
version: 18
robot_id: 10001

2024-09-09 07:25:58,676 DEBUG - [ROBOT_PACK_LOG] [SEND] [woosh.map.Download]
[4] req_id:9, identity:woosh_design, time:1725834358676

2024-09-09 07:25:59,473 DEBUG - [ROBOT_SDK_LOG] [5] event:on_event_disconnected tcp://169.254.128.2:5411
2024-09-09 07:25:59,473 DEBUG - [ROBOT_SDK_LOG] [5] event:on_event_connect_retried tcp://169.254.128.2:5411
2024-09-09 07:25:59,520 DEBUG - [ROBOT_SDK_LOG] subscribe connect status: 3, msg: tcp://169.254.128.2:5411
2024-09-09 07:25:59,520 DEBUG - is_connect_robot: false
2024-09-09 07:25:59,520 DEBUG - robot_id: 10001  robot_map_id: 0
2024-09-09 07:25:59,566 DEBUG - [ROBOT_PACK_LOG] [RECV] [woosh.map.DownloadResponse]
[4] req_id:9, identity:RC_10001, time:1725866889903

2024-09-09 07:25:59,582 DEBUG - 下载文件： ./map/robot/Wego_Robotics_503/Wego_Robotics_503/map.png
2024-09-09 07:25:59,582 DEBUG - 下载文件： ./map/robot/Wego_Robotics_503/Wego_Robotics_503/keepout.png
2024-09-09 07:25:59,582 DEBUG - 下载文件： ./map/robot/Wego_Robotics_503/Wego_Robotics_503/traffic_keepout.png
2024-09-09 07:25:59,582 DEBUG - 下载文件： ./map/robot/Wego_Robotics_503/Wego_Robotics_503/map.yaml
2024-09-09 07:25:59,582 DEBUG - 下载文件： ./map/robot/Wego_Robotics_503/Wego_Robotics_503/Wego_Robotics_503.pbstream
2024-09-09 07:25:59,582 DEBUG - 下载文件： ./map/robot/Wego_Robotics_503/Wego_Robotics_503/x-0.09y-0.41t-1.76.carmen
2024-09-09 07:25:59,582 DEBUG - 下载文件： ./map/robot/Wego_Robotics_503/Wego_Robotics_503/x0.5y3t-1.57.carmen
2024-09-09 07:25:59,582 DEBUG - 下载文件： ./map/robot/Wego_Robotics_503/Wego_Robotics_503/x-1.14y-4.07t1.47.carmen
2024-09-09 07:25:59,582 DEBUG - 下载文件： ./map/robot/Wego_Robotics_503/Wego_Robotics_503/mark_info.data
2024-09-09 07:25:59,582 DEBUG - 下载文件： ./map/robot/Wego_Robotics_503/Wego_Robotics_503/nav_area.data
2024-09-09 07:25:59,582 DEBUG - 下载文件： ./map/robot/Wego_Robotics_503/Wego_Robotics_503/path_info.data
2024-09-09 07:25:59,582 DEBUG - 下载文件： ./map/robot/Wego_Robotics_503/Wego_Robotics_503/x-1.04y-4.07t1.48.carmen
2024-09-09 07:25:59,582 DEBUG - 下载文件： ./map/robot/Wego_Robotics_503/action_groups.json
2024-09-09 07:25:59,582 DEBUG - 下载文件： ./map/robot/Wego_Robotics_503/scene.json
2024-09-09 07:25:59,582 DEBUG - 下载文件： ./map/robot/Wego_Robotics_503/task_info.data
2024-09-09 07:25:59,582 DEBUG - add_map id: 0  map: ./map/robot/Wego_Robotics_503/Wego_Robotics_503 name  "Wego_Robotics_503"
2024-09-09 07:25:59,598 DEBUG - 读取二进制文件数据为空: ./map/robot/Wego_Robotics_503/Wego_Robotics_503/nav_area.data
2024-09-09 07:25:59,598 DEBUG - 二进制文件解析成功: ./map/robot/Wego_Robotics_503/Wego_Robotics_503/mark_info.data
2024-09-09 07:25:59,598 DEBUG - 读取二进制文件数据为空: ./map/robot/Wego_Robotics_503/Wego_Robotics_503/path_info.data
2024-09-09 07:25:59,598 DEBUG - robot_id: 10001  robot_map_id: 0
2024-09-09 07:25:59,598 DEBUG - robot_info.state: 2
2024-09-09 07:25:59,598 DEBUG - action_group: {
  "version": "1.0.0",
  "project": "woosh",
  "task_type": [
    {
      "no": 0,
      "name": "默认导航",
      "type": 1,
      "order": [
        {
          "action": 1
        },
        {
          "action": 6,
          "wait_id": 1,
          "wait_time": 0
        }
      ]
    },
    {
      "no": 1,
      "name": "对接导航",
      "type": 1,
      "order": [
        {
          "action": 1
        },
        {
          "action": 3
        },
        {
          "action": 6,
          "wait_id": 1,
          "wait_time": 0
        }
      ]
    },
    {
      "no": 0,
      "name": "默认泊车",
      "type": 2,
      "order": [
        {
          "action": 1
        }
      ]
    },
    {
      "no": 0,
      "name": "OSH200/OSH50h默认充电",
      "type": 3,
      "order": [
        {
          "action": 1
        },
        {
          "action": 3
        },
        {
          "action": 2,
          "stepctrl_avoid": false,
          "stepctrl_type": 0,
          "stepctrl_value": -0.03,
          "stepctrl_speed": 0.015
        },
        {
          "action": 2,
          "stepctrl_avoid": false,
          "stepctrl_type": 0,
          "stepctrl_value": 0.02,
          "stepctrl_speed": 0.015
        },
        {
          "action": 7
        }
      ]
    },
    {
      "no": 1,
      "name": "OSH50默认充电",
      "type": 3,
      "order": [
        {
          "action": 1
        },
        {
          "action": 3
        },
        {
          "action": 2,
          "stepctrl_avoid": true,
          "stepctrl_type": 0,
          "stepctrl_value": -0.2,
          "stepctrl_speed": 0.1
        },
        {
          "action": 2,
          "stepctrl_avoid": true,
          "stepctrl_type": 1,
          "stepctrl_value": 3.12,
          "stepctrl_speed": 0.4
        },
        {
          "action": 2,
          "stepctrl_avoid": false,
          "stepctrl_type": 0,
          "stepctrl_value": -0.31,
          "stepctrl_speed": 0.1
        },
        {
          "action": 2,
          "stepctrl_avoid": false,
          "stepctrl_type": 0,
          "stepctrl_value": 0.03,
          "stepctrl_speed": 0.015
        },
        {
          "action": 7
        }
      ]
    },
    {
      "no": 0,
      "name": "默认举升/辊筒 上下料&料车上料",
      "type": 4,
      "order": [
        {
          "action": 1
        },
        {
          "action": 3
        },
        {
          "action": 5,
          "roller_layer": 0
        },
        {
          "action": 4
        }
      ]
    },
    {
      "no": 1,
      "name": "默认牵引上料",
      "type": 4,
      "order": [
        {
          "action": 1
        },
        {
          "action": 3
        },
        {
          "action": 5
        }
      ]
    },
    {
      "no": 2,
      "name": "默认牵引/料车下料",
      "type": 4,
      "order": [
        {
          "action": 1
        },
        {
          "action": 5
        },
        {
          "action": 2,
          "stepctrl_avoid": false,
          "stepctrl_type": 0,
          "stepctrl_value": 0.9,
          "stepctrl_speed": 0.15
        }
      ]
    }
  ]
}
2024-09-09 07:25:59,598 DEBUG - 读取二进制文件数据为空: ./map/robot/Wego_Robotics_503/task_info.data
2024-09-09 07:25:59,598 DEBUG - pre_task_count: 1
2024-09-09 07:26:01,582 DEBUG - [ROBOT_PACK_LOG] [SEND] [woosh.robot.SwitchMap]
[4] req_id:10, identity:woosh_design, time:1725834361582

2024-09-09 07:26:01,722 DEBUG - [ROBOT_PACK_LOG] [RECV] [google.protobuf.Empty]
[4] req_id:10, identity:RC_10001, time:1725866892950

2024-09-09 07:26:07,175 DEBUG - [ROBOT_SDK_LOG] [5] event:on_event_connect_delayed tcp://169.254.128.2:5411
2024-09-09 07:26:07,191 DEBUG - [ROBOT_SDK_LOG] [5] event:on_event_connected tcp://169.254.128.2:5411
2024-09-09 07:26:07,394 DEBUG - [ROBOT_SDK_LOG] subscribe connect status: 2, msg: tcp://169.254.128.2:5411
2024-09-09 07:26:07,394 DEBUG - is_connect_robot: true
2024-09-09 07:26:07,394 DEBUG - [ROBOT_PACK_LOG] [SEND] [woosh.robot.RobotInfo]
[4] req_id:11, identity:woosh_design, time:1725834367394

2024-09-09 07:26:07,394 DEBUG - [ROBOT_PACK_LOG] [RECV] [woosh.robot.RobotInfo]
[4] req_id:11, identity:RC_10001, time:1725866898617

2024-09-09 07:26:07,394 DEBUG - [ROBOT_PACK_LOG] [SEND] [woosh.map.Download]
[4] req_id:12, identity:woosh_design, time:1725834367394

2024-09-09 07:26:07,394 DEBUG - robot_id: 10001  robot_map_id: 0
2024-09-09 07:26:09,644 DEBUG - [ROBOT_PACK_LOG] [RECV] [woosh.map.DownloadResponse]
[4] req_id:12, identity:RC_10001, time:1725866898629

2024-09-09 07:26:09,644 DEBUG - 下载文件： ./map/robot/Wego_Robotics_503/Wego_Robotics_503/map.png
2024-09-09 07:26:09,644 DEBUG - 下载文件： ./map/robot/Wego_Robotics_503/Wego_Robotics_503/keepout.png
2024-09-09 07:26:09,644 DEBUG - 下载文件： ./map/robot/Wego_Robotics_503/Wego_Robotics_503/traffic_keepout.png
2024-09-09 07:26:09,644 DEBUG - 下载文件： ./map/robot/Wego_Robotics_503/Wego_Robotics_503/map.yaml
2024-09-09 07:26:09,659 DEBUG - 下载文件： ./map/robot/Wego_Robotics_503/Wego_Robotics_503/Wego_Robotics_503.pbstream
2024-09-09 07:26:09,659 DEBUG - 下载文件： ./map/robot/Wego_Robotics_503/Wego_Robotics_503/x-0.09y-0.41t-1.76.carmen
2024-09-09 07:26:09,659 DEBUG - 下载文件： ./map/robot/Wego_Robotics_503/Wego_Robotics_503/x0.5y3t-1.57.carmen
2024-09-09 07:26:09,659 DEBUG - 下载文件： ./map/robot/Wego_Robotics_503/Wego_Robotics_503/x-1.14y-4.07t1.47.carmen
2024-09-09 07:26:09,659 DEBUG - 下载文件： ./map/robot/Wego_Robotics_503/Wego_Robotics_503/mark_info.data
2024-09-09 07:26:09,659 DEBUG - 下载文件： ./map/robot/Wego_Robotics_503/Wego_Robotics_503/nav_area.data
2024-09-09 07:26:09,659 DEBUG - 下载文件： ./map/robot/Wego_Robotics_503/Wego_Robotics_503/path_info.data
2024-09-09 07:26:09,659 DEBUG - 下载文件： ./map/robot/Wego_Robotics_503/Wego_Robotics_503/x-1.04y-4.07t1.48.carmen
2024-09-09 07:26:09,659 DEBUG - 下载文件： ./map/robot/Wego_Robotics_503/action_groups.json
2024-09-09 07:26:09,659 DEBUG - 下载文件： ./map/robot/Wego_Robotics_503/scene.json
2024-09-09 07:26:09,659 DEBUG - 下载文件： ./map/robot/Wego_Robotics_503/task_info.data
2024-09-09 07:26:09,659 DEBUG - [ROBOT_PACK_LOG] [SEND] [woosh.robot.NavPath]
[4] req_id:13, identity:woosh_design, time:1725834369659

2024-09-09 07:26:09,659 DEBUG - [ROBOT_PACK_LOG] [RECV] [woosh.robot.NavPath]
[4] req_id:13, identity:RC_10001, time:1725866900890

2024-09-09 07:26:09,659 DEBUG - add_map id: 0  map: ./map/robot/Wego_Robotics_503/Wego_Robotics_503 name  "Wego_Robotics_503"
2024-09-09 07:26:09,675 DEBUG - 读取二进制文件数据为空: ./map/robot/Wego_Robotics_503/Wego_Robotics_503/nav_area.data
2024-09-09 07:26:09,675 DEBUG - 二进制文件解析成功: ./map/robot/Wego_Robotics_503/Wego_Robotics_503/mark_info.data
2024-09-09 07:26:09,675 DEBUG - 读取二进制文件数据为空: ./map/robot/Wego_Robotics_503/Wego_Robotics_503/path_info.data
2024-09-09 07:26:09,675 DEBUG - robot_id: 10001  robot_map_id: 0
2024-09-09 07:26:09,675 DEBUG - robot_info.state: 2
2024-09-09 07:26:09,675 DEBUG - action_group: {
  "version": "1.0.0",
  "project": "woosh",
  "task_type": [
    {
      "no": 0,
      "name": "默认导航",
      "type": 1,
      "order": [
        {
          "action": 1
        },
        {
          "action": 6,
          "wait_id": 1,
          "wait_time": 0
        }
      ]
    },
    {
      "no": 1,
      "name": "对接导航",
      "type": 1,
      "order": [
        {
          "action": 1
        },
        {
          "action": 3
        },
        {
          "action": 6,
          "wait_id": 1,
          "wait_time": 0
        }
      ]
    },
    {
      "no": 0,
      "name": "默认泊车",
      "type": 2,
      "order": [
        {
          "action": 1
        }
      ]
    },
    {
      "no": 0,
      "name": "OSH200/OSH50h默认充电",
      "type": 3,
      "order": [
        {
          "action": 1
        },
        {
          "action": 3
        },
        {
          "action": 2,
          "stepctrl_avoid": false,
          "stepctrl_type": 0,
          "stepctrl_value": -0.03,
          "stepctrl_speed": 0.015
        },
        {
          "action": 2,
          "stepctrl_avoid": false,
          "stepctrl_type": 0,
          "stepctrl_value": 0.02,
          "stepctrl_speed": 0.015
        },
        {
          "action": 7
        }
      ]
    },
    {
      "no": 1,
      "name": "OSH50默认充电",
      "type": 3,
      "order": [
        {
          "action": 1
        },
        {
          "action": 3
        },
        {
          "action": 2,
          "stepctrl_avoid": true,
          "stepctrl_type": 0,
          "stepctrl_value": -0.2,
          "stepctrl_speed": 0.1
        },
        {
          "action": 2,
          "stepctrl_avoid": true,
          "stepctrl_type": 1,
          "stepctrl_value": 3.12,
          "stepctrl_speed": 0.4
        },
        {
          "action": 2,
          "stepctrl_avoid": false,
          "stepctrl_type": 0,
          "stepctrl_value": -0.31,
          "stepctrl_speed": 0.1
        },
        {
          "action": 2,
          "stepctrl_avoid": false,
          "stepctrl_type": 0,
          "stepctrl_value": 0.03,
          "stepctrl_speed": 0.015
        },
        {
          "action": 7
        }
      ]
    },
    {
      "no": 0,
      "name": "默认举升/辊筒 上下料&料车上料",
      "type": 4,
      "order": [
        {
          "action": 1
        },
        {
          "action": 3
        },
        {
          "action": 5,
          "roller_layer": 0
        },
        {
          "action": 4
        }
      ]
    },
    {
      "no": 1,
      "name": "默认牵引上料",
      "type": 4,
      "order": [
        {
          "action": 1
        },
        {
          "action": 3
        },
        {
          "action": 5
        }
      ]
    },
    {
      "no": 2,
      "name": "默认牵引/料车下料",
      "type": 4,
      "order": [
        {
          "action": 1
        },
        {
          "action": 5
        },
        {
          "action": 2,
          "stepctrl_avoid": false,
          "stepctrl_type": 0,
          "stepctrl_value": 0.9,
          "stepctrl_speed": 0.15
        }
      ]
    }
  ]
}
2024-09-09 07:26:09,675 DEBUG - 读取二进制文件数据为空: ./map/robot/Wego_Robotics_503/task_info.data
2024-09-09 07:26:09,675 DEBUG - pre_task_count: 1
2024-09-09 07:26:21,410 DEBUG - is_selete: true  selete: 1  no: "10001"
2024-09-09 07:26:30,319 DEBUG - [ROBOT_SDK_LOG] [1] Enter Request Mode socket close.
2024-09-09 07:26:30,319 DEBUG - [ROBOT_SDK_LOG] [4] stoped request loop.
2024-09-09 07:26:30,335 DEBUG - [ROBOT_SDK_LOG] [2] inproc://monitor-request0 monitor stoped loop.
2024-09-09 07:26:30,429 DEBUG - [ROBOT_SDK_LOG] [1] Leave Request Mode socket close.
2024-09-09 07:26:30,429 DEBUG - [ROBOT_SDK_LOG] [1] Enter Subscribe Mode socket close.
2024-09-09 07:26:30,444 DEBUG - [ROBOT_SDK_LOG] [5] inproc://monitor-subscribe1 monitor stoped loop.
2024-09-09 07:26:31,086 DEBUG - [ROBOT_SDK_LOG] [7] Subscribe stoped loop.
2024-09-09 07:26:31,195 DEBUG - [ROBOT_SDK_LOG] [1] Leave Subscribe Mode socket close.
2024-09-09 07:26:31,195 DEBUG - is_connect_robot: false
2024-09-09 07:26:31,195 DEBUG - robot_id: 10001  robot_map_id: 0
2024-09-09 07:26:31,195 DEBUG - 服务器为空
2024-09-09 07:26:31,195 DEBUG - 断开
